2020-03-31 22:18:01,425 0      [           main] DEBUG ache.ibatis.logging.LogFactory  - Logging initialized using 'class org.apache.ibatis.logging.log4j.Log4jImpl' adapter.
2020-03-31 22:26:01,579 0      [           main] DEBUG ache.ibatis.logging.LogFactory  - Logging initialized using 'class org.apache.ibatis.logging.log4j.Log4jImpl' adapter.
2020-03-31 22:27:16,674 0      [           main] DEBUG ache.ibatis.logging.LogFactory  - Logging initialized using 'class org.apache.ibatis.logging.log4j.Log4jImpl' adapter.
2020-03-31 22:31:42,120 0      [           main] DEBUG ache.ibatis.logging.LogFactory  - Logging initialized using 'class org.apache.ibatis.logging.log4j.Log4jImpl' adapter.
2020-03-31 22:31:42,309 189    [           main] DEBUG source.pooled.PooledDataSource  - PooledDataSource forcefully closed/removed all connections.
2020-03-31 22:31:42,324 204    [           main] DEBUG source.pooled.PooledDataSource  - PooledDataSource forcefully closed/removed all connections.
2020-03-31 22:31:42,324 204    [           main] DEBUG source.pooled.PooledDataSource  - PooledDataSource forcefully closed/removed all connections.
2020-03-31 22:31:42,324 204    [           main] DEBUG source.pooled.PooledDataSource  - PooledDataSource forcefully closed/removed all connections.
2020-03-31 22:32:31,285 0      [           main] DEBUG ache.ibatis.logging.LogFactory  - Logging initialized using 'class org.apache.ibatis.logging.log4j.Log4jImpl' adapter.
2020-03-31 22:32:31,441 156    [           main] DEBUG source.pooled.PooledDataSource  - PooledDataSource forcefully closed/removed all connections.
2020-03-31 22:32:31,441 156    [           main] DEBUG source.pooled.PooledDataSource  - PooledDataSource forcefully closed/removed all connections.
2020-03-31 22:32:31,441 156    [           main] DEBUG source.pooled.PooledDataSource  - PooledDataSource forcefully closed/removed all connections.
2020-03-31 22:32:31,441 156    [           main] DEBUG source.pooled.PooledDataSource  - PooledDataSource forcefully closed/removed all connections.
2020-03-31 22:33:41,052 0      [           main] DEBUG ache.ibatis.logging.LogFactory  - Logging initialized using 'class org.apache.ibatis.logging.log4j.Log4jImpl' adapter.
2020-03-31 22:33:41,177 125    [           main] DEBUG source.pooled.PooledDataSource  - PooledDataSource forcefully closed/removed all connections.
2020-03-31 22:33:41,177 125    [           main] DEBUG source.pooled.PooledDataSource  - PooledDataSource forcefully closed/removed all connections.
2020-03-31 22:33:41,177 125    [           main] DEBUG source.pooled.PooledDataSource  - PooledDataSource forcefully closed/removed all connections.
2020-03-31 22:33:41,177 125    [           main] DEBUG source.pooled.PooledDataSource  - PooledDataSource forcefully closed/removed all connections.
2020-04-01 08:32:08,196 0      [           main] DEBUG ache.ibatis.logging.LogFactory  - Logging initialized using 'class org.apache.ibatis.logging.log4j.Log4jImpl' adapter.
2020-04-01 08:32:08,782 586    [           main] DEBUG source.pooled.PooledDataSource  - PooledDataSource forcefully closed/removed all connections.
2020-04-01 08:32:08,782 586    [           main] DEBUG source.pooled.PooledDataSource  - PooledDataSource forcefully closed/removed all connections.
2020-04-01 08:32:08,783 587    [           main] DEBUG source.pooled.PooledDataSource  - PooledDataSource forcefully closed/removed all connections.
2020-04-01 08:32:08,783 587    [           main] DEBUG source.pooled.PooledDataSource  - PooledDataSource forcefully closed/removed all connections.
2020-04-01 08:34:57,384 0      [           main] DEBUG ache.ibatis.logging.LogFactory  - Logging initialized using 'class org.apache.ibatis.logging.log4j.Log4jImpl' adapter.
2020-04-01 08:34:57,541 157    [           main] DEBUG source.pooled.PooledDataSource  - PooledDataSource forcefully closed/removed all connections.
2020-04-01 08:34:57,541 157    [           main] DEBUG source.pooled.PooledDataSource  - PooledDataSource forcefully closed/removed all connections.
2020-04-01 08:34:57,541 157    [           main] DEBUG source.pooled.PooledDataSource  - PooledDataSource forcefully closed/removed all connections.
2020-04-01 08:34:57,541 157    [           main] DEBUG source.pooled.PooledDataSource  - PooledDataSource forcefully closed/removed all connections.
2020-04-01 08:34:57,680 296    [           main] DEBUG ansaction.jdbc.JdbcTransaction  - Opening JDBC Connection
2020-04-01 08:37:19,949 0      [           main] DEBUG ache.ibatis.logging.LogFactory  - Logging initialized using 'class org.apache.ibatis.logging.log4j.Log4jImpl' adapter.
2020-04-01 08:37:20,112 163    [           main] DEBUG source.pooled.PooledDataSource  - PooledDataSource forcefully closed/removed all connections.
2020-04-01 08:37:20,113 164    [           main] DEBUG source.pooled.PooledDataSource  - PooledDataSource forcefully closed/removed all connections.
2020-04-01 08:37:20,113 164    [           main] DEBUG source.pooled.PooledDataSource  - PooledDataSource forcefully closed/removed all connections.
2020-04-01 08:37:20,113 164    [           main] DEBUG source.pooled.PooledDataSource  - PooledDataSource forcefully closed/removed all connections.
2020-04-01 08:37:20,204 255    [           main] DEBUG ansaction.jdbc.JdbcTransaction  - Opening JDBC Connection
2020-04-01 08:39:28,869 0      [           main] DEBUG ache.ibatis.logging.LogFactory  - Logging initialized using 'class org.apache.ibatis.logging.log4j.Log4jImpl' adapter.
2020-04-01 08:39:29,040 171    [           main] DEBUG source.pooled.PooledDataSource  - PooledDataSource forcefully closed/removed all connections.
2020-04-01 08:39:29,040 171    [           main] DEBUG source.pooled.PooledDataSource  - PooledDataSource forcefully closed/removed all connections.
2020-04-01 08:39:29,040 171    [           main] DEBUG source.pooled.PooledDataSource  - PooledDataSource forcefully closed/removed all connections.
2020-04-01 08:39:29,040 171    [           main] DEBUG source.pooled.PooledDataSource  - PooledDataSource forcefully closed/removed all connections.
2020-04-01 08:39:29,165 296    [           main] DEBUG ansaction.jdbc.JdbcTransaction  - Opening JDBC Connection
2020-04-01 08:39:29,470 601    [           main] DEBUG source.pooled.PooledDataSource  - Created connection 259219561.
2020-04-01 08:39:29,470 601    [           main] DEBUG ansaction.jdbc.JdbcTransaction  - Setting autocommit to false on JDBC Connection [com.mysql.jdbc.JDBC4Connection@f736069]
2020-04-01 08:39:29,477 608    [           main] DEBUG            dao.UserDao.findAll  - ==>  Preparing: select * from user 
2020-04-01 08:39:29,516 647    [           main] DEBUG            dao.UserDao.findAll  - ==> Parameters: 
2020-04-01 08:39:29,651 782    [           main] DEBUG            dao.UserDao.findAll  - <==      Total: 6
2020-04-01 08:39:29,708 839    [           main] DEBUG ansaction.jdbc.JdbcTransaction  - Resetting autocommit to true on JDBC Connection [com.mysql.jdbc.JDBC4Connection@f736069]
2020-04-01 08:39:29,710 841    [           main] DEBUG ansaction.jdbc.JdbcTransaction  - Closing JDBC Connection [com.mysql.jdbc.JDBC4Connection@f736069]
2020-04-01 08:39:29,710 841    [           main] DEBUG source.pooled.PooledDataSource  - Returned connection 259219561 to pool.
2020-04-01 18:11:23,458 0      [           main] DEBUG ache.ibatis.logging.LogFactory  - Logging initialized using 'class org.apache.ibatis.logging.log4j.Log4jImpl' adapter.
2020-04-01 18:11:23,799 341    [           main] DEBUG source.pooled.PooledDataSource  - PooledDataSource forcefully closed/removed all connections.
2020-04-01 18:11:23,799 341    [           main] DEBUG source.pooled.PooledDataSource  - PooledDataSource forcefully closed/removed all connections.
2020-04-01 18:11:23,799 341    [           main] DEBUG source.pooled.PooledDataSource  - PooledDataSource forcefully closed/removed all connections.
2020-04-01 18:11:23,799 341    [           main] DEBUG source.pooled.PooledDataSource  - PooledDataSource forcefully closed/removed all connections.
2020-04-01 18:11:23,922 464    [           main] DEBUG ansaction.jdbc.JdbcTransaction  - Opening JDBC Connection
2020-04-01 18:11:24,465 1007   [           main] DEBUG source.pooled.PooledDataSource  - Created connection 1401316767.
2020-04-01 18:11:24,465 1007   [           main] DEBUG ansaction.jdbc.JdbcTransaction  - Setting autocommit to false on JDBC Connection [com.mysql.jdbc.JDBC4Connection@5386659f]
2020-04-01 18:11:24,471 1013   [           main] DEBUG            dao.UserDao.findAll  - ==>  Preparing: select * from user 
2020-04-01 18:11:24,504 1046   [           main] DEBUG            dao.UserDao.findAll  - ==> Parameters: 
2020-04-01 18:11:24,639 1181   [           main] DEBUG            dao.UserDao.findAll  - <==      Total: 6
2020-04-01 18:11:24,656 1198   [           main] DEBUG ansaction.jdbc.JdbcTransaction  - Resetting autocommit to true on JDBC Connection [com.mysql.jdbc.JDBC4Connection@5386659f]
2020-04-01 18:11:24,657 1199   [           main] DEBUG ansaction.jdbc.JdbcTransaction  - Closing JDBC Connection [com.mysql.jdbc.JDBC4Connection@5386659f]
2020-04-01 18:11:24,657 1199   [           main] DEBUG source.pooled.PooledDataSource  - Returned connection 1401316767 to pool.
2020-04-01 18:34:16,952 0      [           main] DEBUG ache.ibatis.logging.LogFactory  - Logging initialized using 'class org.apache.ibatis.logging.log4j.Log4jImpl' adapter.
2020-04-01 18:34:17,066 114    [           main] DEBUG source.pooled.PooledDataSource  - PooledDataSource forcefully closed/removed all connections.
2020-04-01 18:34:17,067 115    [           main] DEBUG source.pooled.PooledDataSource  - PooledDataSource forcefully closed/removed all connections.
2020-04-01 18:34:17,067 115    [           main] DEBUG source.pooled.PooledDataSource  - PooledDataSource forcefully closed/removed all connections.
2020-04-01 18:34:17,067 115    [           main] DEBUG source.pooled.PooledDataSource  - PooledDataSource forcefully closed/removed all connections.
2020-04-01 18:34:17,231 279    [           main] DEBUG ansaction.jdbc.JdbcTransaction  - Opening JDBC Connection
2020-04-01 18:34:17,588 636    [           main] DEBUG source.pooled.PooledDataSource  - Created connection 2095486832.
2020-04-01 18:34:17,589 637    [           main] DEBUG ansaction.jdbc.JdbcTransaction  - Setting autocommit to false on JDBC Connection [com.mysql.jdbc.JDBC4Connection@7ce69770]
2020-04-01 18:34:17,591 639    [           main] DEBUG           dao.UserDao.saveUser  - ==>  Preparing: insert into user (username,address,sex,birthday)values(?,?,?,?); 
2020-04-01 18:34:17,646 694    [           main] DEBUG           dao.UserDao.saveUser  - ==> Parameters: ev(String), 漯河(String), 男(String), 2020-04-01 18:34:17.147(Timestamp)
2020-04-01 18:34:18,710 1758   [           main] DEBUG           dao.UserDao.saveUser  - <==    Updates: 1
2020-04-01 18:34:18,710 1758   [           main] DEBUG ansaction.jdbc.JdbcTransaction  - Rolling back JDBC Connection [com.mysql.jdbc.JDBC4Connection@7ce69770]
2020-04-01 18:34:18,945 1993   [           main] DEBUG ansaction.jdbc.JdbcTransaction  - Resetting autocommit to true on JDBC Connection [com.mysql.jdbc.JDBC4Connection@7ce69770]
2020-04-01 18:34:18,946 1994   [           main] DEBUG ansaction.jdbc.JdbcTransaction  - Closing JDBC Connection [com.mysql.jdbc.JDBC4Connection@7ce69770]
2020-04-01 18:34:18,946 1994   [           main] DEBUG source.pooled.PooledDataSource  - Returned connection 2095486832 to pool.
2020-04-01 18:35:46,234 0      [           main] DEBUG ache.ibatis.logging.LogFactory  - Logging initialized using 'class org.apache.ibatis.logging.log4j.Log4jImpl' adapter.
2020-04-01 18:35:46,411 177    [           main] DEBUG source.pooled.PooledDataSource  - PooledDataSource forcefully closed/removed all connections.
2020-04-01 18:35:46,411 177    [           main] DEBUG source.pooled.PooledDataSource  - PooledDataSource forcefully closed/removed all connections.
2020-04-01 18:35:46,411 177    [           main] DEBUG source.pooled.PooledDataSource  - PooledDataSource forcefully closed/removed all connections.
2020-04-01 18:35:46,411 177    [           main] DEBUG source.pooled.PooledDataSource  - PooledDataSource forcefully closed/removed all connections.
2020-04-01 18:35:46,528 294    [           main] DEBUG ansaction.jdbc.JdbcTransaction  - Opening JDBC Connection
2020-04-01 18:35:46,841 607    [           main] DEBUG source.pooled.PooledDataSource  - Created connection 2095486832.
2020-04-01 18:35:46,842 608    [           main] DEBUG ansaction.jdbc.JdbcTransaction  - Setting autocommit to false on JDBC Connection [com.mysql.jdbc.JDBC4Connection@7ce69770]
2020-04-01 18:35:46,846 612    [           main] DEBUG           dao.UserDao.saveUser  - ==>  Preparing: insert into user (username,address,sex,birthday)values(?,?,?,?); 
2020-04-01 18:35:46,931 697    [           main] DEBUG           dao.UserDao.saveUser  - ==> Parameters: ev(String), 漯河(String), 男(String), 2020-04-01 18:35:46.518(Timestamp)
2020-04-01 18:35:47,005 771    [           main] DEBUG           dao.UserDao.saveUser  - <==    Updates: 1
2020-04-01 18:35:47,005 771    [           main] DEBUG ansaction.jdbc.JdbcTransaction  - Committing JDBC Connection [com.mysql.jdbc.JDBC4Connection@7ce69770]
2020-04-01 18:35:47,653 1419   [           main] DEBUG ansaction.jdbc.JdbcTransaction  - Resetting autocommit to true on JDBC Connection [com.mysql.jdbc.JDBC4Connection@7ce69770]
2020-04-01 18:35:47,708 1474   [           main] DEBUG ansaction.jdbc.JdbcTransaction  - Closing JDBC Connection [com.mysql.jdbc.JDBC4Connection@7ce69770]
2020-04-01 18:35:47,708 1474   [           main] DEBUG source.pooled.PooledDataSource  - Returned connection 2095486832 to pool.
2020-04-01 18:50:55,448 0      [           main] DEBUG ache.ibatis.logging.LogFactory  - Logging initialized using 'class org.apache.ibatis.logging.log4j.Log4jImpl' adapter.
2020-04-01 18:50:55,659 211    [           main] DEBUG source.pooled.PooledDataSource  - PooledDataSource forcefully closed/removed all connections.
2020-04-01 18:50:55,659 211    [           main] DEBUG source.pooled.PooledDataSource  - PooledDataSource forcefully closed/removed all connections.
2020-04-01 18:50:55,659 211    [           main] DEBUG source.pooled.PooledDataSource  - PooledDataSource forcefully closed/removed all connections.
2020-04-01 18:50:55,659 211    [           main] DEBUG source.pooled.PooledDataSource  - PooledDataSource forcefully closed/removed all connections.
2020-04-01 18:50:55,788 340    [           main] DEBUG ansaction.jdbc.JdbcTransaction  - Opening JDBC Connection
2020-04-01 18:50:56,138 690    [           main] DEBUG source.pooled.PooledDataSource  - Created connection 2095486832.
2020-04-01 18:50:56,138 690    [           main] DEBUG ansaction.jdbc.JdbcTransaction  - Setting autocommit to false on JDBC Connection [com.mysql.jdbc.JDBC4Connection@7ce69770]
2020-04-01 18:50:56,141 693    [           main] DEBUG           dao.UserDao.saveUser  - ==>  Preparing: insert into user (username,address,sex,birthday)values(?,?,?,?); 
2020-04-01 18:50:56,196 748    [           main] DEBUG           dao.UserDao.saveUser  - ==> Parameters: 赵一玮(String), 漯河(String), 男(String), 2020-04-01 18:50:55.774(Timestamp)
2020-04-01 18:50:56,230 782    [           main] DEBUG           dao.UserDao.saveUser  - <==    Updates: 1
2020-04-01 18:50:56,231 783    [           main] DEBUG ansaction.jdbc.JdbcTransaction  - Committing JDBC Connection [com.mysql.jdbc.JDBC4Connection@7ce69770]
2020-04-01 18:50:56,323 875    [           main] DEBUG ansaction.jdbc.JdbcTransaction  - Resetting autocommit to true on JDBC Connection [com.mysql.jdbc.JDBC4Connection@7ce69770]
2020-04-01 18:50:56,324 876    [           main] DEBUG ansaction.jdbc.JdbcTransaction  - Closing JDBC Connection [com.mysql.jdbc.JDBC4Connection@7ce69770]
2020-04-01 18:50:56,324 876    [           main] DEBUG source.pooled.PooledDataSource  - Returned connection 2095486832 to pool.
2020-04-01 18:52:12,874 0      [           main] DEBUG ache.ibatis.logging.LogFactory  - Logging initialized using 'class org.apache.ibatis.logging.log4j.Log4jImpl' adapter.
2020-04-01 18:52:13,014 140    [           main] DEBUG source.pooled.PooledDataSource  - PooledDataSource forcefully closed/removed all connections.
2020-04-01 18:52:13,015 141    [           main] DEBUG source.pooled.PooledDataSource  - PooledDataSource forcefully closed/removed all connections.
2020-04-01 18:52:13,015 141    [           main] DEBUG source.pooled.PooledDataSource  - PooledDataSource forcefully closed/removed all connections.
2020-04-01 18:52:13,015 141    [           main] DEBUG source.pooled.PooledDataSource  - PooledDataSource forcefully closed/removed all connections.
2020-04-01 18:52:13,117 243    [           main] DEBUG ansaction.jdbc.JdbcTransaction  - Opening JDBC Connection
2020-04-01 18:52:13,409 535    [           main] DEBUG source.pooled.PooledDataSource  - Created connection 391183339.
2020-04-01 18:52:13,410 536    [           main] DEBUG ansaction.jdbc.JdbcTransaction  - Setting autocommit to false on JDBC Connection [com.mysql.jdbc.JDBC4Connection@1750fbeb]
2020-04-01 18:52:13,412 538    [           main] DEBUG         dao.UserDao.updateUser  - ==>  Preparing: update user set username=?,address=?,sex=?,birthday=? where id = ?; 
2020-04-01 18:52:13,465 591    [           main] DEBUG         dao.UserDao.updateUser  - ==> Parameters: 赵一玮(String), 漯河(String), 男(String), 2020-04-01 18:52:13.106(Timestamp), 50(Integer)
2020-04-01 18:52:13,618 744    [           main] DEBUG         dao.UserDao.updateUser  - <==    Updates: 1
2020-04-01 18:52:13,619 745    [           main] DEBUG ansaction.jdbc.JdbcTransaction  - Committing JDBC Connection [com.mysql.jdbc.JDBC4Connection@1750fbeb]
2020-04-01 18:52:13,787 913    [           main] DEBUG ansaction.jdbc.JdbcTransaction  - Resetting autocommit to true on JDBC Connection [com.mysql.jdbc.JDBC4Connection@1750fbeb]
2020-04-01 18:52:13,787 913    [           main] DEBUG ansaction.jdbc.JdbcTransaction  - Closing JDBC Connection [com.mysql.jdbc.JDBC4Connection@1750fbeb]
2020-04-01 18:52:13,788 914    [           main] DEBUG source.pooled.PooledDataSource  - Returned connection 391183339 to pool.
2020-04-01 18:55:34,126 0      [           main] DEBUG ache.ibatis.logging.LogFactory  - Logging initialized using 'class org.apache.ibatis.logging.log4j.Log4jImpl' adapter.
2020-04-01 18:55:34,263 137    [           main] DEBUG source.pooled.PooledDataSource  - PooledDataSource forcefully closed/removed all connections.
2020-04-01 18:55:34,263 137    [           main] DEBUG source.pooled.PooledDataSource  - PooledDataSource forcefully closed/removed all connections.
2020-04-01 18:55:34,264 138    [           main] DEBUG source.pooled.PooledDataSource  - PooledDataSource forcefully closed/removed all connections.
2020-04-01 18:55:34,264 138    [           main] DEBUG source.pooled.PooledDataSource  - PooledDataSource forcefully closed/removed all connections.
2020-04-01 18:55:34,409 283    [           main] DEBUG ansaction.jdbc.JdbcTransaction  - Opening JDBC Connection
2020-04-01 18:55:34,685 559    [           main] DEBUG source.pooled.PooledDataSource  - Created connection 1529115495.
2020-04-01 18:55:34,685 559    [           main] DEBUG ansaction.jdbc.JdbcTransaction  - Setting autocommit to false on JDBC Connection [com.mysql.jdbc.JDBC4Connection@5b247367]
2020-04-01 18:55:34,687 561    [           main] DEBUG         dao.UserDao.deleteUser  - ==>  Preparing: delete from user where id = ?; 
2020-04-01 18:55:34,723 597    [           main] DEBUG         dao.UserDao.deleteUser  - ==> Parameters: 51(Integer)
2020-04-01 18:55:34,961 835    [           main] DEBUG         dao.UserDao.deleteUser  - <==    Updates: 1
2020-04-01 18:55:34,962 836    [           main] DEBUG ansaction.jdbc.JdbcTransaction  - Committing JDBC Connection [com.mysql.jdbc.JDBC4Connection@5b247367]
2020-04-01 18:55:35,099 973    [           main] DEBUG ansaction.jdbc.JdbcTransaction  - Resetting autocommit to true on JDBC Connection [com.mysql.jdbc.JDBC4Connection@5b247367]
2020-04-01 18:55:35,099 973    [           main] DEBUG ansaction.jdbc.JdbcTransaction  - Closing JDBC Connection [com.mysql.jdbc.JDBC4Connection@5b247367]
2020-04-01 18:55:35,100 974    [           main] DEBUG source.pooled.PooledDataSource  - Returned connection 1529115495 to pool.
2020-04-01 19:05:33,685 0      [           main] DEBUG ache.ibatis.logging.LogFactory  - Logging initialized using 'class org.apache.ibatis.logging.log4j.Log4jImpl' adapter.
2020-04-01 19:05:33,830 145    [           main] DEBUG source.pooled.PooledDataSource  - PooledDataSource forcefully closed/removed all connections.
2020-04-01 19:05:33,830 145    [           main] DEBUG source.pooled.PooledDataSource  - PooledDataSource forcefully closed/removed all connections.
2020-04-01 19:05:33,830 145    [           main] DEBUG source.pooled.PooledDataSource  - PooledDataSource forcefully closed/removed all connections.
2020-04-01 19:05:33,830 145    [           main] DEBUG source.pooled.PooledDataSource  - PooledDataSource forcefully closed/removed all connections.
2020-04-01 19:05:33,966 281    [           main] DEBUG ansaction.jdbc.JdbcTransaction  - Opening JDBC Connection
2020-04-01 19:05:34,277 592    [           main] DEBUG source.pooled.PooledDataSource  - Created connection 661119548.
2020-04-01 19:05:34,277 592    [           main] DEBUG ansaction.jdbc.JdbcTransaction  - Setting autocommit to false on JDBC Connection [com.mysql.jdbc.JDBC4Connection@2767e23c]
2020-04-01 19:05:34,279 594    [           main] DEBUG           dao.UserDao.findById  - ==>  Preparing: select * from user where id = ?; 
2020-04-01 19:05:34,312 627    [           main] DEBUG           dao.UserDao.findById  - ==> Parameters: 50(Integer)
2020-04-01 19:05:34,401 716    [           main] DEBUG           dao.UserDao.findById  - <==      Total: 1
2020-04-01 19:05:34,426 741    [           main] DEBUG ansaction.jdbc.JdbcTransaction  - Resetting autocommit to true on JDBC Connection [com.mysql.jdbc.JDBC4Connection@2767e23c]
2020-04-01 19:05:34,427 742    [           main] DEBUG ansaction.jdbc.JdbcTransaction  - Closing JDBC Connection [com.mysql.jdbc.JDBC4Connection@2767e23c]
2020-04-01 19:05:34,427 742    [           main] DEBUG source.pooled.PooledDataSource  - Returned connection 661119548 to pool.
2020-04-01 19:10:43,260 0      [           main] DEBUG ache.ibatis.logging.LogFactory  - Logging initialized using 'class org.apache.ibatis.logging.log4j.Log4jImpl' adapter.
2020-04-01 19:10:43,419 159    [           main] DEBUG source.pooled.PooledDataSource  - PooledDataSource forcefully closed/removed all connections.
2020-04-01 19:10:43,419 159    [           main] DEBUG source.pooled.PooledDataSource  - PooledDataSource forcefully closed/removed all connections.
2020-04-01 19:10:43,419 159    [           main] DEBUG source.pooled.PooledDataSource  - PooledDataSource forcefully closed/removed all connections.
2020-04-01 19:10:43,419 159    [           main] DEBUG source.pooled.PooledDataSource  - PooledDataSource forcefully closed/removed all connections.
2020-04-01 19:10:43,515 255    [           main] DEBUG ansaction.jdbc.JdbcTransaction  - Opening JDBC Connection
2020-04-01 19:10:43,880 620    [           main] DEBUG source.pooled.PooledDataSource  - Created connection 609656250.
2020-04-01 19:10:43,880 620    [           main] DEBUG ansaction.jdbc.JdbcTransaction  - Setting autocommit to false on JDBC Connection [com.mysql.jdbc.JDBC4Connection@24569dba]
2020-04-01 19:10:43,882 622    [           main] DEBUG         dao.UserDao.findByName  - ==>  Preparing: select * from user where username like ?; 
2020-04-01 19:10:43,913 653    [           main] DEBUG         dao.UserDao.findByName  - ==> Parameters: %赵%(String)
2020-04-01 19:10:43,937 677    [           main] DEBUG         dao.UserDao.findByName  - <==      Total: 1
2020-04-01 19:10:43,957 697    [           main] DEBUG ansaction.jdbc.JdbcTransaction  - Resetting autocommit to true on JDBC Connection [com.mysql.jdbc.JDBC4Connection@24569dba]
2020-04-01 19:10:43,958 698    [           main] DEBUG ansaction.jdbc.JdbcTransaction  - Closing JDBC Connection [com.mysql.jdbc.JDBC4Connection@24569dba]
2020-04-01 19:10:43,959 699    [           main] DEBUG source.pooled.PooledDataSource  - Returned connection 609656250 to pool.
2020-04-01 19:10:53,505 0      [           main] DEBUG ache.ibatis.logging.LogFactory  - Logging initialized using 'class org.apache.ibatis.logging.log4j.Log4jImpl' adapter.
2020-04-01 19:10:53,654 149    [           main] DEBUG source.pooled.PooledDataSource  - PooledDataSource forcefully closed/removed all connections.
2020-04-01 19:10:53,655 150    [           main] DEBUG source.pooled.PooledDataSource  - PooledDataSource forcefully closed/removed all connections.
2020-04-01 19:10:53,655 150    [           main] DEBUG source.pooled.PooledDataSource  - PooledDataSource forcefully closed/removed all connections.
2020-04-01 19:10:53,655 150    [           main] DEBUG source.pooled.PooledDataSource  - PooledDataSource forcefully closed/removed all connections.
2020-04-01 19:10:53,816 311    [           main] DEBUG ansaction.jdbc.JdbcTransaction  - Opening JDBC Connection
2020-04-01 19:10:54,218 713    [           main] DEBUG source.pooled.PooledDataSource  - Created connection 725680028.
2020-04-01 19:10:54,218 713    [           main] DEBUG ansaction.jdbc.JdbcTransaction  - Setting autocommit to false on JDBC Connection [com.mysql.jdbc.JDBC4Connection@2b40ff9c]
2020-04-01 19:10:54,220 715    [           main] DEBUG           dao.UserDao.findById  - ==>  Preparing: select * from user where id = ?; 
2020-04-01 19:10:54,269 764    [           main] DEBUG           dao.UserDao.findById  - ==> Parameters: 50(Integer)
2020-04-01 19:10:54,309 804    [           main] DEBUG           dao.UserDao.findById  - <==      Total: 1
2020-04-01 19:10:54,332 827    [           main] DEBUG ansaction.jdbc.JdbcTransaction  - Resetting autocommit to true on JDBC Connection [com.mysql.jdbc.JDBC4Connection@2b40ff9c]
2020-04-01 19:10:54,333 828    [           main] DEBUG ansaction.jdbc.JdbcTransaction  - Closing JDBC Connection [com.mysql.jdbc.JDBC4Connection@2b40ff9c]
2020-04-01 19:10:54,334 829    [           main] DEBUG source.pooled.PooledDataSource  - Returned connection 725680028 to pool.
2020-04-01 19:12:10,540 0      [           main] DEBUG ache.ibatis.logging.LogFactory  - Logging initialized using 'class org.apache.ibatis.logging.log4j.Log4jImpl' adapter.
2020-04-01 19:12:10,740 200    [           main] DEBUG source.pooled.PooledDataSource  - PooledDataSource forcefully closed/removed all connections.
2020-04-01 19:12:10,741 201    [           main] DEBUG source.pooled.PooledDataSource  - PooledDataSource forcefully closed/removed all connections.
2020-04-01 19:12:10,741 201    [           main] DEBUG source.pooled.PooledDataSource  - PooledDataSource forcefully closed/removed all connections.
2020-04-01 19:12:10,741 201    [           main] DEBUG source.pooled.PooledDataSource  - PooledDataSource forcefully closed/removed all connections.
2020-04-01 19:12:10,884 344    [           main] DEBUG ansaction.jdbc.JdbcTransaction  - Opening JDBC Connection
2020-04-01 19:12:11,268 728    [           main] DEBUG source.pooled.PooledDataSource  - Created connection 1158676965.
2020-04-01 19:12:11,269 729    [           main] DEBUG ansaction.jdbc.JdbcTransaction  - Setting autocommit to false on JDBC Connection [com.mysql.jdbc.JDBC4Connection@451001e5]
2020-04-01 19:12:11,271 731    [           main] DEBUG         dao.UserDao.findByName  - ==>  Preparing: select * from user where username like ?; 
2020-04-01 19:12:11,304 764    [           main] DEBUG         dao.UserDao.findByName  - ==> Parameters: %王%(String)
2020-04-01 19:12:11,348 808    [           main] DEBUG         dao.UserDao.findByName  - <==      Total: 4
2020-04-01 19:12:11,365 825    [           main] DEBUG ansaction.jdbc.JdbcTransaction  - Resetting autocommit to true on JDBC Connection [com.mysql.jdbc.JDBC4Connection@451001e5]
2020-04-01 19:12:11,366 826    [           main] DEBUG ansaction.jdbc.JdbcTransaction  - Closing JDBC Connection [com.mysql.jdbc.JDBC4Connection@451001e5]
2020-04-01 19:12:11,366 826    [           main] DEBUG source.pooled.PooledDataSource  - Returned connection 1158676965 to pool.
2020-04-01 19:16:31,337 0      [           main] DEBUG ache.ibatis.logging.LogFactory  - Logging initialized using 'class org.apache.ibatis.logging.log4j.Log4jImpl' adapter.
2020-04-01 19:16:31,598 261    [           main] DEBUG source.pooled.PooledDataSource  - PooledDataSource forcefully closed/removed all connections.
2020-04-01 19:16:31,598 261    [           main] DEBUG source.pooled.PooledDataSource  - PooledDataSource forcefully closed/removed all connections.
2020-04-01 19:16:31,599 262    [           main] DEBUG source.pooled.PooledDataSource  - PooledDataSource forcefully closed/removed all connections.
2020-04-01 19:16:31,599 262    [           main] DEBUG source.pooled.PooledDataSource  - PooledDataSource forcefully closed/removed all connections.
2020-04-01 19:16:31,765 428    [           main] DEBUG ansaction.jdbc.JdbcTransaction  - Opening JDBC Connection
2020-04-01 19:16:32,087 750    [           main] DEBUG source.pooled.PooledDataSource  - Created connection 1293680734.
2020-04-01 19:16:32,088 751    [           main] DEBUG ansaction.jdbc.JdbcTransaction  - Setting autocommit to false on JDBC Connection [com.mysql.jdbc.JDBC4Connection@4d1c005e]
2020-04-01 19:16:32,090 753    [           main] DEBUG          dao.UserDao.findTotal  - ==>  Preparing: select count(id) from user; 
2020-04-01 19:16:32,122 785    [           main] DEBUG          dao.UserDao.findTotal  - ==> Parameters: 
2020-04-01 19:16:32,361 1024   [           main] DEBUG          dao.UserDao.findTotal  - <==      Total: 1
2020-04-01 19:16:32,363 1026   [           main] DEBUG ansaction.jdbc.JdbcTransaction  - Resetting autocommit to true on JDBC Connection [com.mysql.jdbc.JDBC4Connection@4d1c005e]
2020-04-01 19:16:32,365 1028   [           main] DEBUG ansaction.jdbc.JdbcTransaction  - Closing JDBC Connection [com.mysql.jdbc.JDBC4Connection@4d1c005e]
2020-04-01 19:16:32,365 1028   [           main] DEBUG source.pooled.PooledDataSource  - Returned connection 1293680734 to pool.
2020-04-01 19:18:19,166 0      [           main] DEBUG ache.ibatis.logging.LogFactory  - Logging initialized using 'class org.apache.ibatis.logging.log4j.Log4jImpl' adapter.
2020-04-01 19:18:19,305 139    [           main] DEBUG source.pooled.PooledDataSource  - PooledDataSource forcefully closed/removed all connections.
2020-04-01 19:18:19,305 139    [           main] DEBUG source.pooled.PooledDataSource  - PooledDataSource forcefully closed/removed all connections.
2020-04-01 19:18:19,305 139    [           main] DEBUG source.pooled.PooledDataSource  - PooledDataSource forcefully closed/removed all connections.
2020-04-01 19:18:19,305 139    [           main] DEBUG source.pooled.PooledDataSource  - PooledDataSource forcefully closed/removed all connections.
2020-04-01 19:18:19,408 242    [           main] DEBUG ansaction.jdbc.JdbcTransaction  - Opening JDBC Connection
2020-04-01 19:18:19,778 612    [           main] DEBUG source.pooled.PooledDataSource  - Created connection 572145572.
2020-04-01 19:18:19,779 613    [           main] DEBUG ansaction.jdbc.JdbcTransaction  - Setting autocommit to false on JDBC Connection [com.mysql.jdbc.JDBC4Connection@221a3fa4]
2020-04-01 19:18:19,781 615    [           main] DEBUG          dao.UserDao.findTotal  - ==>  Preparing: select count(id) from user; 
2020-04-01 19:18:19,812 646    [           main] DEBUG          dao.UserDao.findTotal  - ==> Parameters: 
2020-04-01 19:18:19,869 703    [           main] DEBUG          dao.UserDao.findTotal  - <==      Total: 1
2020-04-01 19:18:19,870 704    [           main] DEBUG ansaction.jdbc.JdbcTransaction  - Resetting autocommit to true on JDBC Connection [com.mysql.jdbc.JDBC4Connection@221a3fa4]
2020-04-01 19:18:19,871 705    [           main] DEBUG ansaction.jdbc.JdbcTransaction  - Closing JDBC Connection [com.mysql.jdbc.JDBC4Connection@221a3fa4]
2020-04-01 19:18:19,871 705    [           main] DEBUG source.pooled.PooledDataSource  - Returned connection 572145572 to pool.
2020-04-01 19:18:50,696 0      [           main] DEBUG ache.ibatis.logging.LogFactory  - Logging initialized using 'class org.apache.ibatis.logging.log4j.Log4jImpl' adapter.
2020-04-01 19:18:50,977 281    [           main] DEBUG source.pooled.PooledDataSource  - PooledDataSource forcefully closed/removed all connections.
2020-04-01 19:18:50,978 282    [           main] DEBUG source.pooled.PooledDataSource  - PooledDataSource forcefully closed/removed all connections.
2020-04-01 19:18:50,978 282    [           main] DEBUG source.pooled.PooledDataSource  - PooledDataSource forcefully closed/removed all connections.
2020-04-01 19:18:50,978 282    [           main] DEBUG source.pooled.PooledDataSource  - PooledDataSource forcefully closed/removed all connections.
2020-04-01 19:18:51,094 398    [           main] DEBUG ansaction.jdbc.JdbcTransaction  - Opening JDBC Connection
2020-04-01 19:18:51,422 726    [           main] DEBUG source.pooled.PooledDataSource  - Created connection 572145572.
2020-04-01 19:18:51,422 726    [           main] DEBUG ansaction.jdbc.JdbcTransaction  - Setting autocommit to false on JDBC Connection [com.mysql.jdbc.JDBC4Connection@221a3fa4]
2020-04-01 19:18:51,425 729    [           main] DEBUG          dao.UserDao.findTotal  - ==>  Preparing: select count(*) from user; 
2020-04-01 19:18:51,474 778    [           main] DEBUG          dao.UserDao.findTotal  - ==> Parameters: 
2020-04-01 19:18:51,515 819    [           main] DEBUG          dao.UserDao.findTotal  - <==      Total: 1
2020-04-01 19:18:51,519 823    [           main] DEBUG ansaction.jdbc.JdbcTransaction  - Resetting autocommit to true on JDBC Connection [com.mysql.jdbc.JDBC4Connection@221a3fa4]
2020-04-01 19:18:51,519 823    [           main] DEBUG ansaction.jdbc.JdbcTransaction  - Closing JDBC Connection [com.mysql.jdbc.JDBC4Connection@221a3fa4]
2020-04-01 19:18:51,519 823    [           main] DEBUG source.pooled.PooledDataSource  - Returned connection 572145572 to pool.
2020-04-01 19:20:24,725 0      [           main] DEBUG ache.ibatis.logging.LogFactory  - Logging initialized using 'class org.apache.ibatis.logging.log4j.Log4jImpl' adapter.
2020-04-01 19:20:24,925 200    [           main] DEBUG source.pooled.PooledDataSource  - PooledDataSource forcefully closed/removed all connections.
2020-04-01 19:20:24,925 200    [           main] DEBUG source.pooled.PooledDataSource  - PooledDataSource forcefully closed/removed all connections.
2020-04-01 19:20:24,926 201    [           main] DEBUG source.pooled.PooledDataSource  - PooledDataSource forcefully closed/removed all connections.
2020-04-01 19:20:24,926 201    [           main] DEBUG source.pooled.PooledDataSource  - PooledDataSource forcefully closed/removed all connections.
2020-04-01 19:20:25,043 318    [           main] DEBUG ansaction.jdbc.JdbcTransaction  - Opening JDBC Connection
2020-04-01 19:20:25,311 586    [           main] DEBUG source.pooled.PooledDataSource  - Created connection 572145572.
2020-04-01 19:20:25,311 586    [           main] DEBUG ansaction.jdbc.JdbcTransaction  - Setting autocommit to false on JDBC Connection [com.mysql.jdbc.JDBC4Connection@221a3fa4]
2020-04-01 19:20:25,314 589    [           main] DEBUG          dao.UserDao.findTotal  - ==>  Preparing: select count(*) from user; 
2020-04-01 19:20:25,343 618    [           main] DEBUG          dao.UserDao.findTotal  - ==> Parameters: 
2020-04-01 19:20:25,390 665    [           main] DEBUG          dao.UserDao.findTotal  - <==      Total: 1
2020-04-01 19:20:25,391 666    [           main] DEBUG ansaction.jdbc.JdbcTransaction  - Resetting autocommit to true on JDBC Connection [com.mysql.jdbc.JDBC4Connection@221a3fa4]
2020-04-01 19:20:25,393 668    [           main] DEBUG ansaction.jdbc.JdbcTransaction  - Closing JDBC Connection [com.mysql.jdbc.JDBC4Connection@221a3fa4]
2020-04-01 19:20:25,393 668    [           main] DEBUG source.pooled.PooledDataSource  - Returned connection 572145572 to pool.
2020-04-01 19:23:27,890 0      [           main] DEBUG ache.ibatis.logging.LogFactory  - Logging initialized using 'class org.apache.ibatis.logging.log4j.Log4jImpl' adapter.
2020-04-01 19:23:28,061 171    [           main] DEBUG source.pooled.PooledDataSource  - PooledDataSource forcefully closed/removed all connections.
2020-04-01 19:23:28,061 171    [           main] DEBUG source.pooled.PooledDataSource  - PooledDataSource forcefully closed/removed all connections.
2020-04-01 19:23:28,061 171    [           main] DEBUG source.pooled.PooledDataSource  - PooledDataSource forcefully closed/removed all connections.
2020-04-01 19:23:28,061 171    [           main] DEBUG source.pooled.PooledDataSource  - PooledDataSource forcefully closed/removed all connections.
2020-04-01 19:23:28,279 389    [           main] DEBUG ansaction.jdbc.JdbcTransaction  - Opening JDBC Connection
2020-04-01 19:23:28,579 689    [           main] DEBUG source.pooled.PooledDataSource  - Created connection 648786246.
2020-04-01 19:23:28,580 690    [           main] DEBUG ansaction.jdbc.JdbcTransaction  - Setting autocommit to false on JDBC Connection [com.mysql.jdbc.JDBC4Connection@26abb146]
2020-04-01 19:23:28,583 693    [           main] DEBUG         dao.UserDao.findByName  - ==>  Preparing: /*select * from user where username like ?;*/ select * from user where username like '%王%'; 
2020-04-01 19:23:28,620 730    [           main] DEBUG ansaction.jdbc.JdbcTransaction  - Resetting autocommit to true on JDBC Connection [com.mysql.jdbc.JDBC4Connection@26abb146]
2020-04-01 19:23:28,621 731    [           main] DEBUG ansaction.jdbc.JdbcTransaction  - Closing JDBC Connection [com.mysql.jdbc.JDBC4Connection@26abb146]
2020-04-01 19:23:28,621 731    [           main] DEBUG source.pooled.PooledDataSource  - Returned connection 648786246 to pool.
2020-04-01 19:24:14,607 0      [           main] DEBUG ache.ibatis.logging.LogFactory  - Logging initialized using 'class org.apache.ibatis.logging.log4j.Log4jImpl' adapter.
2020-04-01 19:24:14,768 161    [           main] DEBUG source.pooled.PooledDataSource  - PooledDataSource forcefully closed/removed all connections.
2020-04-01 19:24:14,768 161    [           main] DEBUG source.pooled.PooledDataSource  - PooledDataSource forcefully closed/removed all connections.
2020-04-01 19:24:14,769 162    [           main] DEBUG source.pooled.PooledDataSource  - PooledDataSource forcefully closed/removed all connections.
2020-04-01 19:24:14,769 162    [           main] DEBUG source.pooled.PooledDataSource  - PooledDataSource forcefully closed/removed all connections.
2020-04-01 19:24:14,969 362    [           main] DEBUG ansaction.jdbc.JdbcTransaction  - Opening JDBC Connection
2020-04-01 19:24:15,347 740    [           main] DEBUG source.pooled.PooledDataSource  - Created connection 1710814638.
2020-04-01 19:24:15,347 740    [           main] DEBUG ansaction.jdbc.JdbcTransaction  - Setting autocommit to false on JDBC Connection [com.mysql.jdbc.JDBC4Connection@65f8f5ae]
2020-04-01 19:24:15,351 744    [           main] DEBUG         dao.UserDao.findByName  - ==>  Preparing: select * from user where username like '%王%'; 
2020-04-01 19:24:15,406 799    [           main] DEBUG         dao.UserDao.findByName  - ==> Parameters: 
2020-04-01 19:24:15,448 841    [           main] DEBUG         dao.UserDao.findByName  - <==      Total: 4
2020-04-01 19:24:15,478 871    [           main] DEBUG ansaction.jdbc.JdbcTransaction  - Resetting autocommit to true on JDBC Connection [com.mysql.jdbc.JDBC4Connection@65f8f5ae]
2020-04-01 19:24:15,479 872    [           main] DEBUG ansaction.jdbc.JdbcTransaction  - Closing JDBC Connection [com.mysql.jdbc.JDBC4Connection@65f8f5ae]
2020-04-01 19:24:15,479 872    [           main] DEBUG source.pooled.PooledDataSource  - Returned connection 1710814638 to pool.
2020-04-01 19:25:11,218 0      [           main] DEBUG ache.ibatis.logging.LogFactory  - Logging initialized using 'class org.apache.ibatis.logging.log4j.Log4jImpl' adapter.
2020-04-01 19:25:11,328 110    [           main] DEBUG source.pooled.PooledDataSource  - PooledDataSource forcefully closed/removed all connections.
2020-04-01 19:25:11,331 113    [           main] DEBUG source.pooled.PooledDataSource  - PooledDataSource forcefully closed/removed all connections.
2020-04-01 19:25:11,331 113    [           main] DEBUG source.pooled.PooledDataSource  - PooledDataSource forcefully closed/removed all connections.
2020-04-01 19:25:11,331 113    [           main] DEBUG source.pooled.PooledDataSource  - PooledDataSource forcefully closed/removed all connections.
2020-04-01 19:25:11,493 275    [           main] DEBUG ansaction.jdbc.JdbcTransaction  - Opening JDBC Connection
2020-04-01 19:25:11,811 593    [           main] DEBUG source.pooled.PooledDataSource  - Created connection 1208825205.
2020-04-01 19:25:11,811 593    [           main] DEBUG ansaction.jdbc.JdbcTransaction  - Setting autocommit to false on JDBC Connection [com.mysql.jdbc.JDBC4Connection@480d3575]
2020-04-01 19:25:11,814 596    [           main] DEBUG         dao.UserDao.findByName  - ==>  Preparing: select * from user where username like '%王%'; 
2020-04-01 19:25:11,842 624    [           main] DEBUG         dao.UserDao.findByName  - ==> Parameters: 
2020-04-01 19:25:11,871 653    [           main] DEBUG         dao.UserDao.findByName  - <==      Total: 4
2020-04-01 19:25:11,892 674    [           main] DEBUG ansaction.jdbc.JdbcTransaction  - Resetting autocommit to true on JDBC Connection [com.mysql.jdbc.JDBC4Connection@480d3575]
2020-04-01 19:25:11,893 675    [           main] DEBUG ansaction.jdbc.JdbcTransaction  - Closing JDBC Connection [com.mysql.jdbc.JDBC4Connection@480d3575]
2020-04-01 19:25:11,893 675    [           main] DEBUG source.pooled.PooledDataSource  - Returned connection 1208825205 to pool.
2020-04-01 19:35:23,943 0      [           main] DEBUG ache.ibatis.logging.LogFactory  - Logging initialized using 'class org.apache.ibatis.logging.log4j.Log4jImpl' adapter.
2020-04-01 19:35:24,071 128    [           main] DEBUG source.pooled.PooledDataSource  - PooledDataSource forcefully closed/removed all connections.
2020-04-01 19:35:24,071 128    [           main] DEBUG source.pooled.PooledDataSource  - PooledDataSource forcefully closed/removed all connections.
2020-04-01 19:35:24,071 128    [           main] DEBUG source.pooled.PooledDataSource  - PooledDataSource forcefully closed/removed all connections.
2020-04-01 19:35:24,071 128    [           main] DEBUG source.pooled.PooledDataSource  - PooledDataSource forcefully closed/removed all connections.
2020-04-01 19:35:24,216 273    [           main] DEBUG ansaction.jdbc.JdbcTransaction  - Opening JDBC Connection
2020-04-01 19:35:24,557 614    [           main] DEBUG source.pooled.PooledDataSource  - Created connection 1272883899.
2020-04-01 19:35:24,558 615    [           main] DEBUG ansaction.jdbc.JdbcTransaction  - Setting autocommit to false on JDBC Connection [com.mysql.jdbc.JDBC4Connection@4bdeaabb]
2020-04-01 19:35:24,560 617    [           main] DEBUG           dao.UserDao.saveUser  - ==>  Preparing: insert into user (username,address,sex,birthday)values(?,?,?,?); 
2020-04-01 19:35:24,613 670    [           main] DEBUG           dao.UserDao.saveUser  - ==> Parameters: ev(String), 漯河(String), 男(String), 2020-04-01 19:35:24.177(Timestamp)
2020-04-01 19:35:24,655 712    [           main] DEBUG           dao.UserDao.saveUser  - <==    Updates: 1
2020-04-01 19:35:24,658 715    [           main] DEBUG dao.UserDao.saveUser!selectKey  - ==>  Preparing: select last_insert_id(); 
2020-04-01 19:35:24,658 715    [           main] DEBUG dao.UserDao.saveUser!selectKey  - ==> Parameters: 
2020-04-01 19:35:24,678 735    [           main] DEBUG dao.UserDao.saveUser!selectKey  - <==      Total: 1
2020-04-01 19:35:24,679 736    [           main] DEBUG ansaction.jdbc.JdbcTransaction  - Committing JDBC Connection [com.mysql.jdbc.JDBC4Connection@4bdeaabb]
2020-04-01 19:35:24,761 818    [           main] DEBUG ansaction.jdbc.JdbcTransaction  - Resetting autocommit to true on JDBC Connection [com.mysql.jdbc.JDBC4Connection@4bdeaabb]
2020-04-01 19:35:24,761 818    [           main] DEBUG ansaction.jdbc.JdbcTransaction  - Closing JDBC Connection [com.mysql.jdbc.JDBC4Connection@4bdeaabb]
2020-04-01 19:35:24,762 819    [           main] DEBUG source.pooled.PooledDataSource  - Returned connection 1272883899 to pool.
